<?xml version="1.0" encoding="UTF-8"?>
<testsuite name="ru.akutepov.exchangeratesbot.ExchangeRatesBotApplicationTests" tests="1" skipped="0" failures="0" errors="0" timestamp="2025-12-05T11:35:47" hostname="MacBook-Air-Aliser.local" time="0.072">
  <properties/>
  <testcase name="contextLoads()" classname="ru.akutepov.exchangeratesbot.ExchangeRatesBotApplicationTests" time="0.072"/>
  <system-out><![CDATA[16:35:43.776 [Test worker] DEBUG org.springframework.boot.test.context.SpringBootTestContextBootstrapper -- Neither @ContextConfiguration nor @ContextHierarchy found for test class [ExchangeRatesBotApplicationTests]: using SpringBootContextLoader
16:35:43.779 [Test worker] DEBUG org.springframework.test.context.support.AbstractContextLoader -- Could not detect default resource locations for test class [ru.akutepov.exchangeratesbot.ExchangeRatesBotApplicationTests]: no resource found for suffixes {-context.xml, Context.groovy}.
16:35:43.779 [Test worker] INFO org.springframework.test.context.support.AnnotationConfigContextLoaderUtils -- Could not detect default configuration classes for test class [ru.akutepov.exchangeratesbot.ExchangeRatesBotApplicationTests]: ExchangeRatesBotApplicationTests does not declare any static, non-private, non-final, nested classes annotated with @Configuration.
16:35:43.790 [Test worker] DEBUG org.springframework.boot.test.context.SpringBootTestContextBootstrapper -- Using ContextCustomizers for test class [ExchangeRatesBotApplicationTests]: [DisableObservabilityContextCustomizer, PropertyMappingContextCustomizer, Customizer, ExcludeFilterContextCustomizer, DuplicateJsonObjectContextCustomizer, MockitoContextCustomizer, TestRestTemplateContextCustomizer]
16:35:43.825 [Test worker] DEBUG org.springframework.context.annotation.ClassPathScanningCandidateComponentProvider -- Identified candidate component class: file [/Users/alisher/Downloads/exchange-rates-bot-master 2/build/classes/java/main/ru/akutepov/exchangeratesbot/ExchangeRatesBotApplication.class]
16:35:43.826 [Test worker] INFO org.springframework.boot.test.context.SpringBootTestContextBootstrapper -- Found @SpringBootConfiguration ru.akutepov.exchangeratesbot.ExchangeRatesBotApplication for test class ru.akutepov.exchangeratesbot.ExchangeRatesBotApplicationTests
16:35:43.866 [Test worker] DEBUG org.springframework.boot.test.context.SpringBootTestContextBootstrapper -- Using TestExecutionListeners for test class [ExchangeRatesBotApplicationTests]: [ServletTestExecutionListener, DirtiesContextBeforeModesTestExecutionListener, ApplicationEventsTestExecutionListener, MockitoTestExecutionListener, DependencyInjectionTestExecutionListener, DirtiesContextTestExecutionListener, TransactionalTestExecutionListener, SqlScriptsTestExecutionListener, EventPublishingTestExecutionListener, RestDocsTestExecutionListener, MockRestServiceServerResetTestExecutionListener, MockMvcPrintOnlyOnFailureTestExecutionListener, WebDriverTestExecutionListener, MockWebServiceServerTestExecutionListener, ResetMocksTestExecutionListener]
16:35:43.866 [Test worker] DEBUG org.springframework.test.context.support.AbstractDirtiesContextTestExecutionListener -- Before test class: class [ExchangeRatesBotApplicationTests], class annotated with @DirtiesContext [false] with mode [null]

  .   ____          _            __ _ _
 /\\ / ___'_ __ _ _(_)_ __  __ _ \ \ \ \
( ( )\___ | '_ | '_| | '_ \/ _` | \ \ \ \
 \\/  ___)| |_)| | | | | || (_| |  ) ) ) )
  '  |____| .__|_| |_|_| |_\__, | / / / /
 =========|_|==============|___/=/_/_/_/
 :: Spring Boot ::                (v3.0.6)

2025-12-05T16:35:44.000+05:00  INFO 12544 --- [    Test worker] r.a.e.ExchangeRatesBotApplicationTests   : Starting ExchangeRatesBotApplicationTests using Java 17.0.16 with PID 12544 (started by alisher in /Users/alisher/Downloads/exchange-rates-bot-master 2)
2025-12-05T16:35:44.001+05:00  INFO 12544 --- [    Test worker] r.a.e.ExchangeRatesBotApplicationTests   : No active profile set, falling back to 1 default profile: "default"
2025-12-05T16:35:44.243+05:00  INFO 12544 --- [    Test worker] .s.d.r.c.RepositoryConfigurationDelegate : Bootstrapping Spring Data JPA repositories in DEFAULT mode.
2025-12-05T16:35:44.267+05:00  INFO 12544 --- [    Test worker] .s.d.r.c.RepositoryConfigurationDelegate : Finished Spring Data repository scanning in 21 ms. Found 3 JPA repository interfaces.
2025-12-05T16:35:44.422+05:00  INFO 12544 --- [    Test worker] com.zaxxer.hikari.HikariDataSource       : HikariPool-1 - Starting...
2025-12-05T16:35:45.087+05:00  INFO 12544 --- [    Test worker] com.zaxxer.hikari.pool.HikariPool        : HikariPool-1 - Added connection org.postgresql.jdbc.PgConnection@357bc488
2025-12-05T16:35:45.087+05:00  INFO 12544 --- [    Test worker] com.zaxxer.hikari.HikariDataSource       : HikariPool-1 - Start completed.
2025-12-05T16:35:45.136+05:00  INFO 12544 --- [    Test worker] o.hibernate.jpa.internal.util.LogHelper  : HHH000204: Processing PersistenceUnitInfo [name: default]
2025-12-05T16:35:45.166+05:00  INFO 12544 --- [    Test worker] org.hibernate.Version                    : HHH000412: Hibernate ORM core version 6.1.7.Final
2025-12-05T16:35:45.453+05:00  INFO 12544 --- [    Test worker] SQL dialect                              : HHH000400: Using dialect: org.hibernate.dialect.PostgreSQLDialect
2025-12-05T16:35:47.006+05:00  INFO 12544 --- [    Test worker] o.h.e.t.j.p.i.JtaPlatformInitiator       : HHH000490: Using JtaPlatform implementation: [org.hibernate.engine.transaction.jta.platform.internal.NoJtaPlatform]
2025-12-05T16:35:47.013+05:00  INFO 12544 --- [    Test worker] j.LocalContainerEntityManagerFactoryBean : Initialized JPA EntityManagerFactory for persistence unit 'default'
2025-12-05T16:35:47.117+05:00  WARN 12544 --- [    Test worker] JpaBaseConfiguration$JpaWebConfiguration : spring.jpa.open-in-view is enabled by default. Therefore, database queries may be performed during view rendering. Explicitly configure spring.jpa.open-in-view to disable this warning
2025-12-05T16:35:47.415+05:00  INFO 12544 --- [    Test worker] r.a.e.ExchangeRatesBotApplicationTests   : Started ExchangeRatesBotApplicationTests in 3.532 seconds (process running for 4.005)
]]></system-out>
  <system-err><![CDATA[]]></system-err>
</testsuite>
